2026-05-17T19:49:37.118-04:00  INFO 7088 --- [Reservas] [main] c.Reservas.Reservas.ReservasApplication  : Starting ReservasApplication using Java 21.0.10 with PID 7088 (C:\Users\sebit\Desktop\Universidad\Programacion\Fullstack I\Reservas\target\classes started by sebit in C:\Users\sebit\Desktop\Universidad\Programacion\Fullstack I\Reservas)
2026-05-17T19:49:37.133-04:00 DEBUG 7088 --- [Reservas] [main] c.Reservas.Reservas.ReservasApplication  : Running with Spring Boot v4.0.6, Spring v7.0.7
2026-05-17T19:49:37.136-04:00  INFO 7088 --- [Reservas] [main] c.Reservas.Reservas.ReservasApplication  : No active profile set, falling back to 1 default profile: "default"
2026-05-17T19:49:41.278-04:00  INFO 7088 --- [Reservas] [main] .s.d.r.c.RepositoryConfigurationDelegate : Bootstrapping Spring Data JPA repositories in DEFAULT mode.
2026-05-17T19:49:41.789-04:00  INFO 7088 --- [Reservas] [main] .s.d.r.c.RepositoryConfigurationDelegate : Finished Spring Data repository scanning in 441 ms. Found 1 JPA repository interface.
2026-05-17T19:49:43.008-04:00  INFO 7088 --- [Reservas] [main] o.s.cloud.context.scope.GenericScope     : BeanFactory id=c029d77d-e515-30d9-ae94-3f6bc3984af8
2026-05-17T19:49:46.803-04:00  INFO 7088 --- [Reservas] [main] o.s.boot.tomcat.TomcatWebServer          : Tomcat initialized with port 8083 (http)
2026-05-17T19:49:46.911-04:00  INFO 7088 --- [Reservas] [main] o.apache.catalina.core.StandardService   : Starting service [Tomcat]
2026-05-17T19:49:46.912-04:00  INFO 7088 --- [Reservas] [main] o.apache.catalina.core.StandardEngine    : Starting Servlet engine: [Apache Tomcat/11.0.21]
2026-05-17T19:49:47.337-04:00  INFO 7088 --- [Reservas] [main] b.w.c.s.WebApplicationContextInitializer : Root WebApplicationContext: initialization completed in 9940 ms
2026-05-17T19:49:48.830-04:00  INFO 7088 --- [Reservas] [main] org.hibernate.orm.jpa                    : HHH008540: Processing PersistenceUnitInfo [name: default]
2026-05-17T19:49:49.167-04:00  INFO 7088 --- [Reservas] [main] org.hibernate.orm.core                   : HHH000001: Hibernate ORM core version 7.2.12.Final
2026-05-17T19:49:51.410-04:00  INFO 7088 --- [Reservas] [main] o.s.o.j.p.SpringPersistenceUnitInfo      : No LoadTimeWeaver setup: ignoring JPA class transformer
2026-05-17T19:49:51.768-04:00  INFO 7088 --- [Reservas] [main] com.zaxxer.hikari.HikariDataSource       : HikariPool-1 - Starting...
2026-05-17T19:49:52.343-04:00  INFO 7088 --- [Reservas] [main] com.zaxxer.hikari.pool.HikariPool        : HikariPool-1 - Added connection com.mysql.cj.jdbc.ConnectionImpl@1468fc85
2026-05-17T19:49:52.350-04:00  INFO 7088 --- [Reservas] [main] com.zaxxer.hikari.HikariDataSource       : HikariPool-1 - Start completed.
2026-05-17T19:49:52.567-04:00  WARN 7088 --- [Reservas] [main] org.hibernate.orm.core                   : HHH000511: The 5.5.5 version for [org.hibernate.dialect.MySQLDialect] is no longer supported, hence certain features may not work properly.The minimum supported version is 8.0.0. Check the community dialects project for available legacy versions.
2026-05-17T19:49:52.606-04:00  WARN 7088 --- [Reservas] [main] org.hibernate.orm.deprecation            : HHH90000025: MySQLDialect does not need to be specified explicitly using 'hibernate.dialect' (remove the property setting and it will be selected by default)
2026-05-17T19:49:52.731-04:00  INFO 7088 --- [Reservas] [main] org.hibernate.orm.connections.pooling    : HHH10001005: Database info:
	Database JDBC URL [jdbc:mysql://localhost:3306/reservas_db]
	Database driver: MySQL Connector/J
	Database dialect: MySQLDialect
	Database version: 5.5.5
	Default catalog/schema: reservas_db/undefined
	Autocommit mode: undefined/unknown
	Isolation level: REPEATABLE_READ [default REPEATABLE_READ]
	JDBC fetch size: none
	Pool: DataSourceConnectionProvider
	Minimum pool size: undefined/unknown
	Maximum pool size: undefined/unknown
2026-05-17T19:49:55.467-04:00  INFO 7088 --- [Reservas] [main] org.hibernate.orm.core                   : HHH000489: No JTA platform available (set 'hibernate.transaction.jta.platform' to enable JTA platform integration)
2026-05-17T19:49:55.697-04:00  INFO 7088 --- [Reservas] [main] j.LocalContainerEntityManagerFactoryBean : Initialized JPA EntityManagerFactory for persistence unit 'default'
2026-05-17T19:49:55.972-04:00  INFO 7088 --- [Reservas] [main] o.s.d.j.r.query.QueryEnhancerFactories   : Hibernate is in classpath; If applicable, HQL parser will be used.
2026-05-17T19:49:56.285-04:00  INFO 7088 --- [Reservas] [main] c.R.R.ReservaService.ReservaService      : Reserva eliminada correctamente
2026-05-17T19:49:56.573-04:00  WARN 7088 --- [Reservas] [main] JpaBaseConfiguration$JpaWebConfiguration : spring.jpa.open-in-view is enabled by default. Therefore, database queries may be performed during view rendering. Explicitly configure spring.jpa.open-in-view to disable this warning
2026-05-17T19:49:56.959-04:00  WARN 7088 --- [Reservas] [main] o.s.security.core.userdetails.User       : User.withDefaultPasswordEncoder() is considered unsafe for production and is only intended for sample applications.
2026-05-17T19:49:57.209-04:00  WARN 7088 --- [Reservas] [main] o.s.security.core.userdetails.User       : User.withDefaultPasswordEncoder() is considered unsafe for production and is only intended for sample applications.
2026-05-17T19:49:57.375-04:00  INFO 7088 --- [Reservas] [main] r$InitializeUserDetailsManagerConfigurer : Global AuthenticationManager configured with UserDetailsService bean with name userDetailsService
2026-05-17T19:50:00.064-04:00  INFO 7088 --- [Reservas] [main] DiscoveryClientOptionalArgsConfiguration : Eureka HTTP Client uses RestClient.
2026-05-17T19:50:00.637-04:00  WARN 7088 --- [Reservas] [main] iguration$LoadBalancerCaffeineWarnLogger : Spring Cloud LoadBalancer is currently working with the default cache. While this cache implementation is useful for development and tests, it's recommended to use Caffeine cache in production.You can switch to using Caffeine cache, by adding it and org.springframework.cache.caffeine.CaffeineCacheManager to the classpath.
2026-05-17T19:50:00.863-04:00  INFO 7088 --- [Reservas] [main] o.s.c.n.eureka.InstanceInfoFactory       : Setting initial instance status as: STARTING
2026-05-17T19:50:01.102-04:00  INFO 7088 --- [Reservas] [main] com.netflix.discovery.DiscoveryClient    : Initializing Eureka in region us-east-1
2026-05-17T19:50:01.140-04:00  INFO 7088 --- [Reservas] [main] c.n.d.s.r.aws.ConfigClusterResolver      : Resolving eureka endpoints via configuration
2026-05-17T19:50:01.204-04:00  INFO 7088 --- [Reservas] [main] com.netflix.discovery.DiscoveryClient    : Disable delta property : false
2026-05-17T19:50:01.205-04:00  INFO 7088 --- [Reservas] [main] com.netflix.discovery.DiscoveryClient    : Single vip registry refresh property : null
2026-05-17T19:50:01.206-04:00  INFO 7088 --- [Reservas] [main] com.netflix.discovery.DiscoveryClient    : Force full registry fetch : false
2026-05-17T19:50:01.207-04:00  INFO 7088 --- [Reservas] [main] com.netflix.discovery.DiscoveryClient    : Application is null : false
2026-05-17T19:50:01.208-04:00  INFO 7088 --- [Reservas] [main] com.netflix.discovery.DiscoveryClient    : Registered Applications size is zero : true
2026-05-17T19:50:01.210-04:00  INFO 7088 --- [Reservas] [main] com.netflix.discovery.DiscoveryClient    : Application version is -1: true
2026-05-17T19:50:01.212-04:00  INFO 7088 --- [Reservas] [main] com.netflix.discovery.DiscoveryClient    : Getting all instance registry info from the eureka server
2026-05-17T19:50:03.851-04:00  INFO 7088 --- [Reservas] [main] com.netflix.discovery.DiscoveryClient    : The response status is 200
2026-05-17T19:50:03.857-04:00  INFO 7088 --- [Reservas] [main] com.netflix.discovery.DiscoveryClient    : Starting heartbeat executor: renew interval is: 30
2026-05-17T19:50:03.865-04:00  INFO 7088 --- [Reservas] [main] c.n.discovery.InstanceInfoReplicator     : InstanceInfoReplicator onDemand update allowed rate per min is 4
2026-05-17T19:50:03.879-04:00  INFO 7088 --- [Reservas] [main] com.netflix.discovery.DiscoveryClient    : Discovery Client initialized at timestamp 1779061803875 with initial instances count: 3
2026-05-17T19:50:03.893-04:00  INFO 7088 --- [Reservas] [main] o.s.c.n.e.s.EurekaServiceRegistry        : Registering application RESERVAS with eureka with status UP
2026-05-17T19:50:03.896-04:00  INFO 7088 --- [Reservas] [main] com.netflix.discovery.DiscoveryClient    : Saw local status change event StatusChangeEvent [timestamp=1779061803896, current=UP, previous=STARTING]
2026-05-17T19:50:03.901-04:00  INFO 7088 --- [Reservas] [DiscoveryClient-InstanceInfoReplicator-%d] com.netflix.discovery.DiscoveryClient    : DiscoveryClient_RESERVAS/LAPTOP-TLGIUAT7:Reservas:8083: registering service...
2026-05-17T19:50:03.962-04:00  INFO 7088 --- [Reservas] [main] o.s.boot.tomcat.TomcatWebServer          : Tomcat started on port 8083 (http) with context path '/'
2026-05-17T19:50:03.966-04:00  INFO 7088 --- [Reservas] [main] .s.c.n.e.s.EurekaAutoServiceRegistration : Updating port to 8083
2026-05-17T19:50:04.020-04:00  INFO 7088 --- [Reservas] [main] c.Reservas.Reservas.ReservasApplication  : Started ReservasApplication in 29.252 seconds (process running for 32.892)
2026-05-17T19:50:04.078-04:00  INFO 7088 --- [Reservas] [DiscoveryClient-InstanceInfoReplicator-%d] com.netflix.discovery.DiscoveryClient    : DiscoveryClient_RESERVAS/LAPTOP-TLGIUAT7:Reservas:8083 - registration status: 204
2026-05-17T19:50:05.210-04:00  INFO 7088 --- [Reservas] [main] c.R.Reservas.Config.DataInitializer      : Datos cargados
2026-05-17T19:55:01.296-04:00  INFO 7088 --- [Reservas] [AsyncResolver-bootstrap-executor-%d] c.n.d.s.r.aws.ConfigClusterResolver      : Resolving eureka endpoints via configuration
2026-05-17T20:00:01.525-04:00  INFO 7088 --- [Reservas] [AsyncResolver-bootstrap-executor-%d] c.n.d.s.r.aws.ConfigClusterResolver      : Resolving eureka endpoints via configuration
2026-05-17T20:05:01.558-04:00  INFO 7088 --- [Reservas] [AsyncResolver-bootstrap-executor-%d] c.n.d.s.r.aws.ConfigClusterResolver      : Resolving eureka endpoints via configuration
2026-05-17T20:05:18.977-04:00  INFO 7088 --- [Reservas] [http-nio-8083-exec-1] o.a.c.c.C.[Tomcat].[localhost].[/]       : Initializing Spring DispatcherServlet 'dispatcherServlet'
2026-05-17T20:05:18.980-04:00  INFO 7088 --- [Reservas] [http-nio-8083-exec-1] o.s.web.servlet.DispatcherServlet        : Initializing Servlet 'dispatcherServlet'
2026-05-17T20:05:19.124-04:00  INFO 7088 --- [Reservas] [http-nio-8083-exec-1] o.s.web.servlet.DispatcherServlet        : Completed initialization in 143 ms
2026-05-17T20:05:46.413-04:00  INFO 7088 --- [Reservas] [http-nio-8083-exec-3] c.R.R.ReservaService.ReservaService      : Guardando reserva...
2026-05-17T20:09:32.868-04:00  INFO 7088 --- [Reservas] [http-nio-8083-exec-5] c.R.R.ReservaService.ReservaService      : Guardando reserva...
2026-05-17T20:10:01.584-04:00  INFO 7088 --- [Reservas] [AsyncResolver-bootstrap-executor-%d] c.n.d.s.r.aws.ConfigClusterResolver      : Resolving eureka endpoints via configuration
2026-05-17T20:11:05.104-04:00  INFO 7088 --- [Reservas] [SpringApplicationShutdownHook] o.s.c.n.e.s.EurekaServiceRegistry        : Unregistering application RESERVAS with eureka with status DOWN
2026-05-17T20:11:05.109-04:00  INFO 7088 --- [Reservas] [SpringApplicationShutdownHook] com.netflix.discovery.DiscoveryClient    : Saw local status change event StatusChangeEvent [timestamp=1779063065109, current=DOWN, previous=UP]
2026-05-17T20:11:05.110-04:00  INFO 7088 --- [Reservas] [DiscoveryClient-InstanceInfoReplicator-%d] com.netflix.discovery.DiscoveryClient    : DiscoveryClient_RESERVAS/LAPTOP-TLGIUAT7:Reservas:8083: registering service...
2026-05-17T20:11:05.274-04:00  INFO 7088 --- [Reservas] [DiscoveryClient-InstanceInfoReplicator-%d] com.netflix.discovery.DiscoveryClient    : DiscoveryClient_RESERVAS/LAPTOP-TLGIUAT7:Reservas:8083 - registration status: 204
2026-05-17T20:11:05.296-04:00  INFO 7088 --- [Reservas] [SpringApplicationShutdownHook] o.s.boot.tomcat.GracefulShutdown         : Commencing graceful shutdown. Waiting for active requests to complete
2026-05-17T20:11:05.366-04:00  INFO 7088 --- [Reservas] [tomcat-shutdown] o.s.boot.tomcat.GracefulShutdown         : Graceful shutdown complete
2026-05-17T20:11:07.668-04:00  INFO 7088 --- [Reservas] [SpringApplicationShutdownHook] j.LocalContainerEntityManagerFactoryBean : Closing JPA EntityManagerFactory for persistence unit 'default'
2026-05-17T20:11:07.707-04:00  INFO 7088 --- [Reservas] [SpringApplicationShutdownHook] com.zaxxer.hikari.HikariDataSource       : HikariPool-1 - Shutdown initiated...
2026-05-17T20:11:07.772-04:00  INFO 7088 --- [Reservas] [SpringApplicationShutdownHook] com.zaxxer.hikari.HikariDataSource       : HikariPool-1 - Shutdown completed.
2026-05-17T20:11:07.777-04:00  INFO 7088 --- [Reservas] [SpringApplicationShutdownHook] com.netflix.discovery.DiscoveryClient    : Shutting down DiscoveryClient ...
2026-05-17T20:11:10.782-04:00  INFO 7088 --- [Reservas] [SpringApplicationShutdownHook] com.netflix.discovery.DiscoveryClient    : Unregistering ...
2026-05-17T20:11:10.927-04:00  INFO 7088 --- [Reservas] [SpringApplicationShutdownHook] com.netflix.discovery.DiscoveryClient    : DiscoveryClient_RESERVAS/LAPTOP-TLGIUAT7:Reservas:8083 - deregister  status: 200
2026-05-17T20:11:10.929-04:00  INFO 7088 --- [Reservas] [SpringApplicationShutdownHook] com.netflix.discovery.DiscoveryClient    : Completed shut down of DiscoveryClient
2026-05-17T20:11:44.150-04:00  INFO 1088 --- [Reservas] [main] c.Reservas.Reservas.ReservasApplication  : Starting ReservasApplication using Java 21.0.10 with PID 1088 (C:\Users\sebit\Desktop\Universidad\Programacion\Fullstack I\Reservas\target\classes started by sebit in C:\Users\sebit\Desktop\Universidad\Programacion\Fullstack I\Reservas)
2026-05-17T20:11:44.159-04:00 DEBUG 1088 --- [Reservas] [main] c.Reservas.Reservas.ReservasApplication  : Running with Spring Boot v4.0.6, Spring v7.0.7
2026-05-17T20:11:44.161-04:00  INFO 1088 --- [Reservas] [main] c.Reservas.Reservas.ReservasApplication  : No active profile set, falling back to 1 default profile: "default"
2026-05-17T20:11:46.014-04:00  INFO 1088 --- [Reservas] [main] .s.d.r.c.RepositoryConfigurationDelegate : Bootstrapping Spring Data JPA repositories in DEFAULT mode.
2026-05-17T20:11:46.338-04:00  INFO 1088 --- [Reservas] [main] .s.d.r.c.RepositoryConfigurationDelegate : Finished Spring Data repository scanning in 298 ms. Found 1 JPA repository interface.
2026-05-17T20:11:46.971-04:00  INFO 1088 --- [Reservas] [main] o.s.cloud.context.scope.GenericScope     : BeanFactory id=c029d77d-e515-30d9-ae94-3f6bc3984af8
2026-05-17T20:11:47.864-04:00  INFO 1088 --- [Reservas] [main] o.s.boot.tomcat.TomcatWebServer          : Tomcat initialized with port 8083 (http)
2026-05-17T20:11:47.890-04:00  INFO 1088 --- [Reservas] [main] o.apache.catalina.core.StandardService   : Starting service [Tomcat]
2026-05-17T20:11:47.890-04:00  INFO 1088 --- [Reservas] [main] o.apache.catalina.core.StandardEngine    : Starting Servlet engine: [Apache Tomcat/11.0.21]
2026-05-17T20:11:48.035-04:00  INFO 1088 --- [Reservas] [main] b.w.c.s.WebApplicationContextInitializer : Root WebApplicationContext: initialization completed in 3788 ms
2026-05-17T20:11:48.488-04:00  INFO 1088 --- [Reservas] [main] org.hibernate.orm.jpa                    : HHH008540: Processing PersistenceUnitInfo [name: default]
2026-05-17T20:11:48.632-04:00  INFO 1088 --- [Reservas] [main] org.hibernate.orm.core                   : HHH000001: Hibernate ORM core version 7.2.12.Final
2026-05-17T20:11:49.580-04:00  INFO 1088 --- [Reservas] [main] o.s.o.j.p.SpringPersistenceUnitInfo      : No LoadTimeWeaver setup: ignoring JPA class transformer
2026-05-17T20:11:49.633-04:00  INFO 1088 --- [Reservas] [main] com.zaxxer.hikari.HikariDataSource       : HikariPool-1 - Starting...
2026-05-17T20:11:49.901-04:00  INFO 1088 --- [Reservas] [main] com.zaxxer.hikari.pool.HikariPool        : HikariPool-1 - Added connection com.mysql.cj.jdbc.ConnectionImpl@4687366b
2026-05-17T20:11:49.904-04:00  INFO 1088 --- [Reservas] [main] com.zaxxer.hikari.HikariDataSource       : HikariPool-1 - Start completed.
2026-05-17T20:11:49.972-04:00  WARN 1088 --- [Reservas] [main] org.hibernate.orm.core                   : HHH000511: The 5.5.5 version for [org.hibernate.dialect.MySQLDialect] is no longer supported, hence certain features may not work properly.The minimum supported version is 8.0.0. Check the community dialects project for available legacy versions.
2026-05-17T20:11:49.977-04:00  WARN 1088 --- [Reservas] [main] org.hibernate.orm.deprecation            : HHH90000025: MySQLDialect does not need to be specified explicitly using 'hibernate.dialect' (remove the property setting and it will be selected by default)
2026-05-17T20:11:50.008-04:00  INFO 1088 --- [Reservas] [main] org.hibernate.orm.connections.pooling    : HHH10001005: Database info:
	Database JDBC URL [jdbc:mysql://localhost:3306/reservas_db]
	Database driver: MySQL Connector/J
	Database dialect: MySQLDialect
	Database version: 5.5.5
	Default catalog/schema: reservas_db/undefined
	Autocommit mode: undefined/unknown
	Isolation level: REPEATABLE_READ [default REPEATABLE_READ]
	JDBC fetch size: none
	Pool: DataSourceConnectionProvider
	Minimum pool size: undefined/unknown
	Maximum pool size: undefined/unknown
2026-05-17T20:11:51.333-04:00  INFO 1088 --- [Reservas] [main] org.hibernate.orm.core                   : HHH000489: No JTA platform available (set 'hibernate.transaction.jta.platform' to enable JTA platform integration)
2026-05-17T20:11:51.448-04:00  INFO 1088 --- [Reservas] [main] j.LocalContainerEntityManagerFactoryBean : Initialized JPA EntityManagerFactory for persistence unit 'default'
2026-05-17T20:11:51.592-04:00  INFO 1088 --- [Reservas] [main] o.s.d.j.r.query.QueryEnhancerFactories   : Hibernate is in classpath; If applicable, HQL parser will be used.
2026-05-17T20:11:51.770-04:00  INFO 1088 --- [Reservas] [main] c.R.R.ReservaService.ReservaService      : Reserva eliminada correctamente
2026-05-17T20:11:51.910-04:00  WARN 1088 --- [Reservas] [main] JpaBaseConfiguration$JpaWebConfiguration : spring.jpa.open-in-view is enabled by default. Therefore, database queries may be performed during view rendering. Explicitly configure spring.jpa.open-in-view to disable this warning
2026-05-17T20:11:52.133-04:00  WARN 1088 --- [Reservas] [main] o.s.security.core.userdetails.User       : User.withDefaultPasswordEncoder() is considered unsafe for production and is only intended for sample applications.
2026-05-17T20:11:52.269-04:00  WARN 1088 --- [Reservas] [main] o.s.security.core.userdetails.User       : User.withDefaultPasswordEncoder() is considered unsafe for production and is only intended for sample applications.
2026-05-17T20:11:52.367-04:00  INFO 1088 --- [Reservas] [main] r$InitializeUserDetailsManagerConfigurer : Global AuthenticationManager configured with UserDetailsService bean with name userDetailsService
2026-05-17T20:11:53.675-04:00  INFO 1088 --- [Reservas] [main] DiscoveryClientOptionalArgsConfiguration : Eureka HTTP Client uses RestClient.
2026-05-17T20:11:53.871-04:00  WARN 1088 --- [Reservas] [main] iguration$LoadBalancerCaffeineWarnLogger : Spring Cloud LoadBalancer is currently working with the default cache. While this cache implementation is useful for development and tests, it's recommended to use Caffeine cache in production.You can switch to using Caffeine cache, by adding it and org.springframework.cache.caffeine.CaffeineCacheManager to the classpath.
2026-05-17T20:11:53.967-04:00  INFO 1088 --- [Reservas] [main] o.s.c.n.eureka.InstanceInfoFactory       : Setting initial instance status as: STARTING
2026-05-17T20:11:54.027-04:00  INFO 1088 --- [Reservas] [main] com.netflix.discovery.DiscoveryClient    : Initializing Eureka in region us-east-1
2026-05-17T20:11:54.038-04:00  INFO 1088 --- [Reservas] [main] c.n.d.s.r.aws.ConfigClusterResolver      : Resolving eureka endpoints via configuration
2026-05-17T20:11:54.061-04:00  INFO 1088 --- [Reservas] [main] com.netflix.discovery.DiscoveryClient    : Disable delta property : false
2026-05-17T20:11:54.061-04:00  INFO 1088 --- [Reservas] [main] com.netflix.discovery.DiscoveryClient    : Single vip registry refresh property : null
2026-05-17T20:11:54.062-04:00  INFO 1088 --- [Reservas] [main] com.netflix.discovery.DiscoveryClient    : Force full registry fetch : false
2026-05-17T20:11:54.062-04:00  INFO 1088 --- [Reservas] [main] com.netflix.discovery.DiscoveryClient    : Application is null : false
2026-05-17T20:11:54.062-04:00  INFO 1088 --- [Reservas] [main] com.netflix.discovery.DiscoveryClient    : Registered Applications size is zero : true
2026-05-17T20:11:54.062-04:00  INFO 1088 --- [Reservas] [main] com.netflix.discovery.DiscoveryClient    : Application version is -1: true
2026-05-17T20:11:54.062-04:00  INFO 1088 --- [Reservas] [main] com.netflix.discovery.DiscoveryClient    : Getting all instance registry info from the eureka server
2026-05-17T20:11:54.769-04:00  INFO 1088 --- [Reservas] [main] com.netflix.discovery.DiscoveryClient    : The response status is 200
2026-05-17T20:11:54.771-04:00  INFO 1088 --- [Reservas] [main] com.netflix.discovery.DiscoveryClient    : Starting heartbeat executor: renew interval is: 30
2026-05-17T20:11:54.776-04:00  INFO 1088 --- [Reservas] [main] c.n.discovery.InstanceInfoReplicator     : InstanceInfoReplicator onDemand update allowed rate per min is 4
2026-05-17T20:11:54.779-04:00  INFO 1088 --- [Reservas] [main] com.netflix.discovery.DiscoveryClient    : Discovery Client initialized at timestamp 1779063114777 with initial instances count: 4
2026-05-17T20:11:54.784-04:00  INFO 1088 --- [Reservas] [main] o.s.c.n.e.s.EurekaServiceRegistry        : Registering application RESERVAS with eureka with status UP
2026-05-17T20:11:54.786-04:00  INFO 1088 --- [Reservas] [main] com.netflix.discovery.DiscoveryClient    : Saw local status change event StatusChangeEvent [timestamp=1779063114786, current=UP, previous=STARTING]
2026-05-17T20:11:54.791-04:00  INFO 1088 --- [Reservas] [DiscoveryClient-InstanceInfoReplicator-%d] com.netflix.discovery.DiscoveryClient    : DiscoveryClient_RESERVAS/LAPTOP-TLGIUAT7:Reservas:8083: registering service...
2026-05-17T20:11:54.827-04:00  INFO 1088 --- [Reservas] [main] o.s.boot.tomcat.TomcatWebServer          : Tomcat started on port 8083 (http) with context path '/'
2026-05-17T20:11:54.829-04:00  INFO 1088 --- [Reservas] [main] .s.c.n.e.s.EurekaAutoServiceRegistration : Updating port to 8083
2026-05-17T20:11:54.863-04:00  INFO 1088 --- [Reservas] [main] c.Reservas.Reservas.ReservasApplication  : Started ReservasApplication in 12.157 seconds (process running for 13.874)
2026-05-17T20:11:54.870-04:00  INFO 1088 --- [Reservas] [DiscoveryClient-InstanceInfoReplicator-%d] com.netflix.discovery.DiscoveryClient    : DiscoveryClient_RESERVAS/LAPTOP-TLGIUAT7:Reservas:8083 - registration status: 204
2026-05-17T20:11:55.572-04:00  INFO 1088 --- [Reservas] [main] c.R.Reservas.Config.DataInitializer      : Datos cargados
2026-05-17T20:12:03.279-04:00  INFO 1088 --- [Reservas] [http-nio-8083-exec-2] o.a.c.c.C.[Tomcat].[localhost].[/]       : Initializing Spring DispatcherServlet 'dispatcherServlet'
2026-05-17T20:12:03.280-04:00  INFO 1088 --- [Reservas] [http-nio-8083-exec-2] o.s.web.servlet.DispatcherServlet        : Initializing Servlet 'dispatcherServlet'
2026-05-17T20:12:03.282-04:00  INFO 1088 --- [Reservas] [http-nio-8083-exec-2] o.s.web.servlet.DispatcherServlet        : Completed initialization in 1 ms
2026-05-17T20:12:03.694-04:00  INFO 1088 --- [Reservas] [http-nio-8083-exec-2] c.R.R.ReservaService.ReservaService      : Guardando reserva...
2026-05-17T20:12:50.623-04:00  INFO 1088 --- [Reservas] [http-nio-8083-exec-4] c.R.R.ReservaService.ReservaService      : Guardando reserva...
2026-05-17T20:15:23.533-04:00  INFO 1088 --- [Reservas] [SpringApplicationShutdownHook] o.s.c.n.e.s.EurekaServiceRegistry        : Unregistering application RESERVAS with eureka with status DOWN
2026-05-17T20:15:23.539-04:00  INFO 1088 --- [Reservas] [SpringApplicationShutdownHook] com.netflix.discovery.DiscoveryClient    : Saw local status change event StatusChangeEvent [timestamp=1779063323539, current=DOWN, previous=UP]
2026-05-17T20:15:23.541-04:00  INFO 1088 --- [Reservas] [DiscoveryClient-InstanceInfoReplicator-%d] com.netflix.discovery.DiscoveryClient    : DiscoveryClient_RESERVAS/LAPTOP-TLGIUAT7:Reservas:8083: registering service...
2026-05-17T20:15:23.581-04:00  INFO 1088 --- [Reservas] [DiscoveryClient-InstanceInfoReplicator-%d] com.netflix.discovery.DiscoveryClient    : DiscoveryClient_RESERVAS/LAPTOP-TLGIUAT7:Reservas:8083 - registration status: 204
2026-05-17T20:15:23.702-04:00  INFO 1088 --- [Reservas] [SpringApplicationShutdownHook] o.s.boot.tomcat.GracefulShutdown         : Commencing graceful shutdown. Waiting for active requests to complete
2026-05-17T20:15:23.748-04:00  INFO 1088 --- [Reservas] [tomcat-shutdown] o.s.boot.tomcat.GracefulShutdown         : Graceful shutdown complete
2026-05-17T20:15:26.030-04:00  INFO 1088 --- [Reservas] [SpringApplicationShutdownHook] j.LocalContainerEntityManagerFactoryBean : Closing JPA EntityManagerFactory for persistence unit 'default'
2026-05-17T20:15:26.101-04:00  INFO 1088 --- [Reservas] [SpringApplicationShutdownHook] com.zaxxer.hikari.HikariDataSource       : HikariPool-1 - Shutdown initiated...
2026-05-17T20:15:26.252-04:00  INFO 1088 --- [Reservas] [SpringApplicationShutdownHook] com.zaxxer.hikari.HikariDataSource       : HikariPool-1 - Shutdown completed.
2026-05-17T20:15:26.257-04:00  INFO 1088 --- [Reservas] [SpringApplicationShutdownHook] com.netflix.discovery.DiscoveryClient    : Shutting down DiscoveryClient ...
2026-05-17T20:15:29.269-04:00  INFO 1088 --- [Reservas] [SpringApplicationShutdownHook] com.netflix.discovery.DiscoveryClient    : Unregistering ...
2026-05-17T20:15:29.308-04:00  INFO 1088 --- [Reservas] [SpringApplicationShutdownHook] com.netflix.discovery.DiscoveryClient    : DiscoveryClient_RESERVAS/LAPTOP-TLGIUAT7:Reservas:8083 - deregister  status: 200
2026-05-17T20:15:29.310-04:00  INFO 1088 --- [Reservas] [SpringApplicationShutdownHook] com.netflix.discovery.DiscoveryClient    : Completed shut down of DiscoveryClient
2026-05-17T20:15:38.054-04:00  INFO 9768 --- [Reservas] [main] c.Reservas.Reservas.ReservasApplication  : Starting ReservasApplication using Java 21.0.10 with PID 9768 (C:\Users\sebit\Desktop\Universidad\Programacion\Fullstack I\Reservas\target\classes started by sebit in C:\Users\sebit\Desktop\Universidad\Programacion\Fullstack I\Reservas)
2026-05-17T20:15:38.066-04:00 DEBUG 9768 --- [Reservas] [main] c.Reservas.Reservas.ReservasApplication  : Running with Spring Boot v4.0.6, Spring v7.0.7
2026-05-17T20:15:38.068-04:00  INFO 9768 --- [Reservas] [main] c.Reservas.Reservas.ReservasApplication  : No active profile set, falling back to 1 default profile: "default"
2026-05-17T20:15:40.611-04:00  INFO 9768 --- [Reservas] [main] .s.d.r.c.RepositoryConfigurationDelegate : Bootstrapping Spring Data JPA repositories in DEFAULT mode.
2026-05-17T20:15:41.010-04:00  INFO 9768 --- [Reservas] [main] .s.d.r.c.RepositoryConfigurationDelegate : Finished Spring Data repository scanning in 371 ms. Found 1 JPA repository interface.
2026-05-17T20:15:41.714-04:00  INFO 9768 --- [Reservas] [main] o.s.cloud.context.scope.GenericScope     : BeanFactory id=c029d77d-e515-30d9-ae94-3f6bc3984af8
2026-05-17T20:15:42.634-04:00  INFO 9768 --- [Reservas] [main] o.s.boot.tomcat.TomcatWebServer          : Tomcat initialized with port 8083 (http)
2026-05-17T20:15:42.669-04:00  INFO 9768 --- [Reservas] [main] o.apache.catalina.core.StandardService   : Starting service [Tomcat]
2026-05-17T20:15:42.669-04:00  INFO 9768 --- [Reservas] [main] o.apache.catalina.core.StandardEngine    : Starting Servlet engine: [Apache Tomcat/11.0.21]
2026-05-17T20:15:42.834-04:00  INFO 9768 --- [Reservas] [main] b.w.c.s.WebApplicationContextInitializer : Root WebApplicationContext: initialization completed in 4607 ms
2026-05-17T20:15:43.266-04:00  INFO 9768 --- [Reservas] [main] org.hibernate.orm.jpa                    : HHH008540: Processing PersistenceUnitInfo [name: default]
2026-05-17T20:15:43.412-04:00  INFO 9768 --- [Reservas] [main] org.hibernate.orm.core                   : HHH000001: Hibernate ORM core version 7.2.12.Final
2026-05-17T20:15:44.878-04:00  INFO 9768 --- [Reservas] [main] o.s.o.j.p.SpringPersistenceUnitInfo      : No LoadTimeWeaver setup: ignoring JPA class transformer
2026-05-17T20:15:45.048-04:00  INFO 9768 --- [Reservas] [main] com.zaxxer.hikari.HikariDataSource       : HikariPool-1 - Starting...
2026-05-17T20:15:45.782-04:00  INFO 9768 --- [Reservas] [main] com.zaxxer.hikari.pool.HikariPool        : HikariPool-1 - Added connection com.mysql.cj.jdbc.ConnectionImpl@4687366b
2026-05-17T20:15:45.787-04:00  INFO 9768 --- [Reservas] [main] com.zaxxer.hikari.HikariDataSource       : HikariPool-1 - Start completed.
2026-05-17T20:15:45.905-04:00  WARN 9768 --- [Reservas] [main] org.hibernate.orm.core                   : HHH000511: The 5.5.5 version for [org.hibernate.dialect.MySQLDialect] is no longer supported, hence certain features may not work properly.The minimum supported version is 8.0.0. Check the community dialects project for available legacy versions.
2026-05-17T20:15:45.913-04:00  WARN 9768 --- [Reservas] [main] org.hibernate.orm.deprecation            : HHH90000025: MySQLDialect does not need to be specified explicitly using 'hibernate.dialect' (remove the property setting and it will be selected by default)
2026-05-17T20:15:45.953-04:00  INFO 9768 --- [Reservas] [main] org.hibernate.orm.connections.pooling    : HHH10001005: Database info:
	Database JDBC URL [jdbc:mysql://localhost:3306/reservas_db]
	Database driver: MySQL Connector/J
	Database dialect: MySQLDialect
	Database version: 5.5.5
	Default catalog/schema: reservas_db/undefined
	Autocommit mode: undefined/unknown
	Isolation level: REPEATABLE_READ [default REPEATABLE_READ]
	JDBC fetch size: none
	Pool: DataSourceConnectionProvider
	Minimum pool size: undefined/unknown
	Maximum pool size: undefined/unknown
2026-05-17T20:15:48.813-04:00  INFO 9768 --- [Reservas] [main] org.hibernate.orm.core                   : HHH000489: No JTA platform available (set 'hibernate.transaction.jta.platform' to enable JTA platform integration)
2026-05-17T20:15:49.217-04:00  INFO 9768 --- [Reservas] [main] j.LocalContainerEntityManagerFactoryBean : Initialized JPA EntityManagerFactory for persistence unit 'default'
2026-05-17T20:15:49.545-04:00  INFO 9768 --- [Reservas] [main] o.s.d.j.r.query.QueryEnhancerFactories   : Hibernate is in classpath; If applicable, HQL parser will be used.
2026-05-17T20:15:49.682-04:00  INFO 9768 --- [Reservas] [main] c.R.R.ReservaService.ReservaService      : Reserva eliminada correctamente
2026-05-17T20:15:49.844-04:00  WARN 9768 --- [Reservas] [main] JpaBaseConfiguration$JpaWebConfiguration : spring.jpa.open-in-view is enabled by default. Therefore, database queries may be performed during view rendering. Explicitly configure spring.jpa.open-in-view to disable this warning
2026-05-17T20:15:50.069-04:00  WARN 9768 --- [Reservas] [main] o.s.security.core.userdetails.User       : User.withDefaultPasswordEncoder() is considered unsafe for production and is only intended for sample applications.
2026-05-17T20:15:50.200-04:00  WARN 9768 --- [Reservas] [main] o.s.security.core.userdetails.User       : User.withDefaultPasswordEncoder() is considered unsafe for production and is only intended for sample applications.
2026-05-17T20:15:50.300-04:00  INFO 9768 --- [Reservas] [main] r$InitializeUserDetailsManagerConfigurer : Global AuthenticationManager configured with UserDetailsService bean with name userDetailsService
2026-05-17T20:15:51.456-04:00  INFO 9768 --- [Reservas] [main] DiscoveryClientOptionalArgsConfiguration : Eureka HTTP Client uses RestClient.
2026-05-17T20:15:51.578-04:00  WARN 9768 --- [Reservas] [main] iguration$LoadBalancerCaffeineWarnLogger : Spring Cloud LoadBalancer is currently working with the default cache. While this cache implementation is useful for development and tests, it's recommended to use Caffeine cache in production.You can switch to using Caffeine cache, by adding it and org.springframework.cache.caffeine.CaffeineCacheManager to the classpath.
2026-05-17T20:15:51.649-04:00  INFO 9768 --- [Reservas] [main] o.s.c.n.eureka.InstanceInfoFactory       : Setting initial instance status as: STARTING
2026-05-17T20:15:51.705-04:00  INFO 9768 --- [Reservas] [main] com.netflix.discovery.DiscoveryClient    : Initializing Eureka in region us-east-1
2026-05-17T20:15:51.714-04:00  INFO 9768 --- [Reservas] [main] c.n.d.s.r.aws.ConfigClusterResolver      : Resolving eureka endpoints via configuration
2026-05-17T20:15:51.735-04:00  INFO 9768 --- [Reservas] [main] com.netflix.discovery.DiscoveryClient    : Disable delta property : false
2026-05-17T20:15:51.735-04:00  INFO 9768 --- [Reservas] [main] com.netflix.discovery.DiscoveryClient    : Single vip registry refresh property : null
2026-05-17T20:15:51.735-04:00  INFO 9768 --- [Reservas] [main] com.netflix.discovery.DiscoveryClient    : Force full registry fetch : false
2026-05-17T20:15:51.736-04:00  INFO 9768 --- [Reservas] [main] com.netflix.discovery.DiscoveryClient    : Application is null : false
2026-05-17T20:15:51.736-04:00  INFO 9768 --- [Reservas] [main] com.netflix.discovery.DiscoveryClient    : Registered Applications size is zero : true
2026-05-17T20:15:51.736-04:00  INFO 9768 --- [Reservas] [main] com.netflix.discovery.DiscoveryClient    : Application version is -1: true
2026-05-17T20:15:51.736-04:00  INFO 9768 --- [Reservas] [main] com.netflix.discovery.DiscoveryClient    : Getting all instance registry info from the eureka server
2026-05-17T20:15:52.394-04:00  INFO 9768 --- [Reservas] [main] com.netflix.discovery.DiscoveryClient    : The response status is 200
2026-05-17T20:15:52.397-04:00  INFO 9768 --- [Reservas] [main] com.netflix.discovery.DiscoveryClient    : Starting heartbeat executor: renew interval is: 30
2026-05-17T20:15:52.401-04:00  INFO 9768 --- [Reservas] [main] c.n.discovery.InstanceInfoReplicator     : InstanceInfoReplicator onDemand update allowed rate per min is 4
2026-05-17T20:15:52.405-04:00  INFO 9768 --- [Reservas] [main] com.netflix.discovery.DiscoveryClient    : Discovery Client initialized at timestamp 1779063352403 with initial instances count: 4
2026-05-17T20:15:52.411-04:00  INFO 9768 --- [Reservas] [main] o.s.c.n.e.s.EurekaServiceRegistry        : Registering application RESERVAS with eureka with status UP
2026-05-17T20:15:52.412-04:00  INFO 9768 --- [Reservas] [main] com.netflix.discovery.DiscoveryClient    : Saw local status change event StatusChangeEvent [timestamp=1779063352412, current=UP, previous=STARTING]
2026-05-17T20:15:52.415-04:00  INFO 9768 --- [Reservas] [DiscoveryClient-InstanceInfoReplicator-%d] com.netflix.discovery.DiscoveryClient    : DiscoveryClient_RESERVAS/LAPTOP-TLGIUAT7:Reservas:8083: registering service...
2026-05-17T20:15:52.450-04:00  INFO 9768 --- [Reservas] [main] o.s.boot.tomcat.TomcatWebServer          : Tomcat started on port 8083 (http) with context path '/'
2026-05-17T20:15:52.452-04:00  INFO 9768 --- [Reservas] [main] .s.c.n.e.s.EurekaAutoServiceRegistration : Updating port to 8083
2026-05-17T20:15:52.477-04:00  INFO 9768 --- [Reservas] [main] c.Reservas.Reservas.ReservasApplication  : Started ReservasApplication in 15.827 seconds (process running for 17.554)
2026-05-17T20:15:52.491-04:00  INFO 9768 --- [Reservas] [DiscoveryClient-InstanceInfoReplicator-%d] com.netflix.discovery.DiscoveryClient    : DiscoveryClient_RESERVAS/LAPTOP-TLGIUAT7:Reservas:8083 - registration status: 204
2026-05-17T20:15:53.167-04:00  INFO 9768 --- [Reservas] [main] c.R.Reservas.Config.DataInitializer      : Datos cargados
2026-05-17T20:15:58.533-04:00  INFO 9768 --- [Reservas] [http-nio-8083-exec-2] o.a.c.c.C.[Tomcat].[localhost].[/]       : Initializing Spring DispatcherServlet 'dispatcherServlet'
2026-05-17T20:15:58.533-04:00  INFO 9768 --- [Reservas] [http-nio-8083-exec-2] o.s.web.servlet.DispatcherServlet        : Initializing Servlet 'dispatcherServlet'
2026-05-17T20:15:58.536-04:00  INFO 9768 --- [Reservas] [http-nio-8083-exec-2] o.s.web.servlet.DispatcherServlet        : Completed initialization in 2 ms
2026-05-17T20:15:58.948-04:00  INFO 9768 --- [Reservas] [http-nio-8083-exec-2] c.R.R.ReservaService.ReservaService      : Guardando reserva...
2026-05-17T20:16:02.167-04:00  INFO 9768 --- [Reservas] [http-nio-8083-exec-2] c.R.R.ReservaService.ReservaService      : Reserva guardada
2026-05-17T20:17:32.744-04:00  INFO 9768 --- [Reservas] [http-nio-8083-exec-9] c.R.R.ReservaService.ReservaService      : Reserva actualizada correctamente
2026-05-17T20:20:51.779-04:00  INFO 9768 --- [Reservas] [AsyncResolver-bootstrap-executor-%d] c.n.d.s.r.aws.ConfigClusterResolver      : Resolving eureka endpoints via configuration
2026-05-17T20:25:51.853-04:00  INFO 9768 --- [Reservas] [AsyncResolver-bootstrap-executor-%d] c.n.d.s.r.aws.ConfigClusterResolver      : Resolving eureka endpoints via configuration
2026-05-17T20:30:51.868-04:00  INFO 9768 --- [Reservas] [AsyncResolver-bootstrap-executor-%d] c.n.d.s.r.aws.ConfigClusterResolver      : Resolving eureka endpoints via configuration
2026-05-17T20:35:51.904-04:00  INFO 9768 --- [Reservas] [AsyncResolver-bootstrap-executor-%d] c.n.d.s.r.aws.ConfigClusterResolver      : Resolving eureka endpoints via configuration
2026-05-17T20:40:51.917-04:00  INFO 9768 --- [Reservas] [AsyncResolver-bootstrap-executor-%d] c.n.d.s.r.aws.ConfigClusterResolver      : Resolving eureka endpoints via configuration
2026-05-17T20:43:51.564-04:00  INFO 9768 --- [Reservas] [SpringApplicationShutdownHook] o.s.c.n.e.s.EurekaServiceRegistry        : Unregistering application RESERVAS with eureka with status DOWN
2026-05-17T20:43:51.578-04:00  INFO 9768 --- [Reservas] [SpringApplicationShutdownHook] com.netflix.discovery.DiscoveryClient    : Saw local status change event StatusChangeEvent [timestamp=1779065031578, current=DOWN, previous=UP]
2026-05-17T20:43:51.582-04:00  INFO 9768 --- [Reservas] [DiscoveryClient-InstanceInfoReplicator-%d] com.netflix.discovery.DiscoveryClient    : DiscoveryClient_RESERVAS/LAPTOP-TLGIUAT7:Reservas:8083: registering service...
2026-05-17T20:43:51.792-04:00  INFO 9768 --- [Reservas] [DiscoveryClient-InstanceInfoReplicator-%d] com.netflix.discovery.DiscoveryClient    : DiscoveryClient_RESERVAS/LAPTOP-TLGIUAT7:Reservas:8083 - registration status: 204
2026-05-17T20:43:52.012-04:00  INFO 9768 --- [Reservas] [SpringApplicationShutdownHook] o.s.boot.tomcat.GracefulShutdown         : Commencing graceful shutdown. Waiting for active requests to complete
2026-05-17T20:43:52.115-04:00  INFO 9768 --- [Reservas] [tomcat-shutdown] o.s.boot.tomcat.GracefulShutdown         : Graceful shutdown complete
2026-05-17T20:43:54.661-04:00  INFO 9768 --- [Reservas] [SpringApplicationShutdownHook] j.LocalContainerEntityManagerFactoryBean : Closing JPA EntityManagerFactory for persistence unit 'default'
2026-05-17T20:43:54.780-04:00  INFO 9768 --- [Reservas] [SpringApplicationShutdownHook] com.zaxxer.hikari.HikariDataSource       : HikariPool-1 - Shutdown initiated...
2026-05-17T20:43:54.814-04:00  INFO 9768 --- [Reservas] [SpringApplicationShutdownHook] com.zaxxer.hikari.HikariDataSource       : HikariPool-1 - Shutdown completed.
2026-05-17T20:43:54.821-04:00  INFO 9768 --- [Reservas] [SpringApplicationShutdownHook] com.netflix.discovery.DiscoveryClient    : Shutting down DiscoveryClient ...
2026-05-17T20:43:57.841-04:00  INFO 9768 --- [Reservas] [SpringApplicationShutdownHook] com.netflix.discovery.DiscoveryClient    : Unregistering ...
2026-05-17T20:43:57.911-04:00  INFO 9768 --- [Reservas] [SpringApplicationShutdownHook] com.netflix.discovery.DiscoveryClient    : DiscoveryClient_RESERVAS/LAPTOP-TLGIUAT7:Reservas:8083 - deregister  status: 200
2026-05-17T20:43:57.915-04:00  INFO 9768 --- [Reservas] [SpringApplicationShutdownHook] com.netflix.discovery.DiscoveryClient    : Completed shut down of DiscoveryClient
